#
# There is insufficient memory for the Java Runtime Environment to continue.
# Native memory allocation (mmap) failed to map 264241152 bytes for G1 virtual space
# Possible reasons:
#   The system is out of physical RAM or swap space
#   The process is running with CompressedOops enabled, and the Java Heap may be blocking the growth of the native heap
# Possible solutions:
#   Reduce memory load on the system
#   Increase physical memory or swap space
#   Check if swap backing store is full
#   Decrease Java heap size (-Xmx/-Xms)
#   Decrease number of Java threads
#   Decrease Java thread stack sizes (-Xss)
#   Set larger code cache with -XX:ReservedCodeCacheSize=
#   JVM is running with Zero Based Compressed Oops mode in which the Java heap is
#     placed in the first 32GB address space. The Java Heap base address is the
#     maximum limit for the native heap growth. Please use -XX:HeapBaseMinAddress
#     to set the Java Heap base and to place the Java Heap above 32GB virtual address.
# This output file may be truncated or incomplete.
#
#  Out of Memory Error (os_windows.cpp:3466), pid=11932, tid=19792
#
# JRE version:  (16.0.2+7) (build )
# Java VM: OpenJDK 64-Bit Server VM (16.0.2+7, mixed mode, sharing, tiered, compressed oops, compressed class ptrs, g1 gc, windows-amd64)
# No core dump will be written. Minidumps are not enabled by default on client versions of Windows
#

---------------  S U M M A R Y ------------

Command Line: org.jetbrains.kotlin.cli.jvm.K2JVMCompiler @D:\Diplom\dipl\fmh_android_15_03_24\app\build\20250921_13955204183355692130.compiler.options

Host: 11th Gen Intel(R) Core(TM) i5-11400H @ 2.70GHz, 12 cores, 15G,  Windows 10 , 64 bit Build 22621 (10.0.22621.5415)
Time: Sun Sep 21 00:56:00 2025  Windows 10 , 64 bit Build 22621 (10.0.22621.5415) elapsed time: 0.012636 seconds (0d 0h 0m 0s)

---------------  T H R E A D  ---------------

Current thread (0x000001c157085b90):  JavaThread "Unknown thread" [_thread_in_vm, id=19792, stack(0x0000007056800000,0x0000007056900000)]

Stack: [0x0000007056800000,0x0000007056900000]
Native frames: (J=compiled Java code, j=interpreted, Vv=VM code, C=native code)
V  [jvm.dll+0x67918a]
V  [jvm.dll+0x82b819]
V  [jvm.dll+0x82cfce]
V  [jvm.dll+0x82d623]
V  [jvm.dll+0x24ec65]
V  [jvm.dll+0x675ed9]
V  [jvm.dll+0x66aaa5]
V  [jvm.dll+0x308ecb]
V  [jvm.dll+0x310046]
V  [jvm.dll+0x35ffde]
V  [jvm.dll+0x36020f]
V  [jvm.dll+0x2dfbb8]
V  [jvm.dll+0x2e0df4]
V  [jvm.dll+0x7fdb01]
V  [jvm.dll+0x36ddd1]
V  [jvm.dll+0x7db5c0]
V  [jvm.dll+0x3f290f]
V  [jvm.dll+0x3f46a1]
C  [jli.dll+0x52fb]
C  [ucrtbase.dll+0x29333]
C  [KERNEL32.DLL+0x1259d]
C  [ntdll.dll+0x5af78]


---------------  P R O C E S S  ---------------

Threads class SMR info:
_java_thread_list=0x00007ffe7f9713b8, length=0, elements={
}

Java Threads: ( => current thread )

Other Threads:
  0x000001c1570d1f40 GCTaskThread "GC Thread#0" [stack: 0x0000007056900000,0x0000007056a00000] [id=17040]
  0x000001c1570e2c80 ConcurrentGCThread "G1 Main Marker" [stack: 0x0000007056a00000,0x0000007056b00000] [id=18644]
  0x000001c1570e3770 ConcurrentGCThread "G1 Conc#0" [stack: 0x0000007056b00000,0x0000007056c00000] [id=10384]

[error occurred during error reporting (printing all threads), id 0xc0000005, EXCEPTION_ACCESS_VIOLATION (0xc0000005) at pc=0x00007ffe7f0d0ac7]

VM state: not at safepoint (not fully initialized)

VM Mutex/Monitor currently owned by a thread:  ([mutex/lock_event])
[0x000001c157080b30] Heap_lock - owner thread: 0x000001c157085b90

Heap address: 0x0000000704000000, size: 4032 MB, Compressed Oops mode: Zero based, Oop shift amount: 3

CDS archive(s) mapped at: [0x0000000000000000-0x0000000000000000-0x0000000000000000), size 0, SharedBaseAddress: 0x0000000800000000, ArchiveRelocationMode: 0.
Narrow klass base: 0x0000000000000000, Narrow klass shift: 0, Narrow klass range: 0x0

GC Precious Log:
<Empty>

Heap:
 garbage-first heap   total 0K, used 0K [0x0000000704000000, 0x0000000800000000)
  region size 2048K, 0 young (0K), 0 survivors (0K)

[error occurred during error reporting (printing heap information), id 0xc0000005, EXCEPTION_ACCESS_VIOLATION (0xc0000005) at pc=0x00007ffe7f4b320d]

GC Heap History (0 events):
No events

Deoptimization events (0 events):
No events

Classes unloaded (0 events):
No events

Classes redefined (0 events):
No events

Internal exceptions (0 events):
No events

Events (1 events):
Event: 0.008 Loaded shared library D:\Irina\JBL16\bin\java.dll


Dynamic libraries:
0x00007ff7ecd60000 - 0x00007ff7ecd6e000 	D:\Irina\JBL16\bin\java.exe
0x00007ffef9690000 - 0x00007ffef98a7000 	C:\WINDOWS\SYSTEM32\ntdll.dll
0x00007ffef8890000 - 0x00007ffef8954000 	C:\WINDOWS\System32\KERNEL32.DLL
0x00007ffef6f40000 - 0x00007ffef7312000 	C:\WINDOWS\System32\KERNELBASE.dll
0x00007ffef6c20000 - 0x00007ffef6d31000 	C:\WINDOWS\System32\ucrtbase.dll
0x00007ffecb5d0000 - 0x00007ffecb5e8000 	D:\Irina\JBL16\bin\jli.dll
0x00007ffecb5b0000 - 0x00007ffecb5c9000 	D:\Irina\JBL16\bin\VCRUNTIME140.dll
0x00007ffef8e20000 - 0x00007ffef8fd1000 	C:\WINDOWS\System32\USER32.dll
0x00007ffef6af0000 - 0x00007ffef6b16000 	C:\WINDOWS\System32\win32u.dll
0x00007ffee3a00000 - 0x00007ffee3c9b000 	C:\WINDOWS\WinSxS\amd64_microsoft.windows.common-controls_6595b64144ccf1df_6.0.22621.5547_none_27104afb73855772\COMCTL32.dll
0x00007ffef7320000 - 0x00007ffef7349000 	C:\WINDOWS\System32\GDI32.dll
0x00007ffef69c0000 - 0x00007ffef6ae3000 	C:\WINDOWS\System32\gdi32full.dll
0x00007ffef7350000 - 0x00007ffef73f7000 	C:\WINDOWS\System32\msvcrt.dll
0x00007ffef6780000 - 0x00007ffef681a000 	C:\WINDOWS\System32\msvcp_win.dll
0x00007ffef95f0000 - 0x00007ffef9621000 	C:\WINDOWS\System32\IMM32.DLL
0x00007ffecb5a0000 - 0x00007ffecb5ac000 	D:\Irina\JBL16\bin\vcruntime140_1.dll
0x00007ffea3610000 - 0x00007ffea36a1000 	D:\Irina\JBL16\bin\msvcp140.dll
0x00007ffe7ede0000 - 0x00007ffe7fa17000 	D:\Irina\JBL16\bin\server\jvm.dll
0x00007ffef7f00000 - 0x00007ffef7fb1000 	C:\WINDOWS\System32\ADVAPI32.dll
0x00007ffef7400000 - 0x00007ffef74a8000 	C:\WINDOWS\System32\sechost.dll
0x00007ffef6990000 - 0x00007ffef69b8000 	C:\WINDOWS\System32\bcrypt.dll
0x00007ffef8a20000 - 0x00007ffef8b34000 	C:\WINDOWS\System32\RPCRT4.dll
0x00007ffef7e20000 - 0x00007ffef7e28000 	C:\WINDOWS\System32\PSAPI.DLL
0x00007ffecb590000 - 0x00007ffecb599000 	C:\WINDOWS\SYSTEM32\WSOCK32.dll
0x00007ffeef1e0000 - 0x00007ffeef214000 	C:\WINDOWS\SYSTEM32\WINMM.dll
0x00007ffeec920000 - 0x00007ffeec92a000 	C:\WINDOWS\SYSTEM32\VERSION.dll
0x00007ffef8670000 - 0x00007ffef86e1000 	C:\WINDOWS\System32\WS2_32.dll
0x00007ffef58a0000 - 0x00007ffef58b8000 	C:\WINDOWS\SYSTEM32\kernel.appcore.dll
0x00007ffecb580000 - 0x00007ffecb58a000 	D:\Irina\JBL16\bin\jimage.dll
0x00007ffef4170000 - 0x00007ffef43a3000 	C:\WINDOWS\SYSTEM32\DBGHELP.DLL
0x00007ffef9170000 - 0x00007ffef9503000 	C:\WINDOWS\System32\combase.dll
0x00007ffef9510000 - 0x00007ffef95e7000 	C:\WINDOWS\System32\OLEAUT32.dll
0x00007ffee9ee0000 - 0x00007ffee9f12000 	C:\WINDOWS\SYSTEM32\dbgcore.DLL
0x00007ffef6b20000 - 0x00007ffef6b9b000 	C:\WINDOWS\System32\bcryptPrimitives.dll
0x00007ffecb550000 - 0x00007ffecb575000 	D:\Irina\JBL16\bin\java.dll

dbghelp: loaded successfully - version: 4.0.5 - missing functions: none
symbol engine: initialized successfully - sym options: 0x614 - pdb path: .;D:\Irina\JBL16\bin;C:\WINDOWS\SYSTEM32;C:\WINDOWS\WinSxS\amd64_microsoft.windows.common-controls_6595b64144ccf1df_6.0.22621.5547_none_27104afb73855772;D:\Irina\JBL16\bin\server

VM Arguments:
java_command: org.jetbrains.kotlin.cli.jvm.K2JVMCompiler @D:\Diplom\dipl\fmh_android_15_03_24\app\build\20250921_13955204183355692130.compiler.options
java_class_path (initial): C:\Users\79000\.gradle\caches\modules-2\files-2.1\org.jetbrains.kotlin\kotlin-compiler-embeddable\1.6.10\88f2073f4020cdb83132cfe940ceb9a60aba54ea\kotlin-compiler-embeddable-1.6.10.jar;C:\Users\79000\.gradle\caches\modules-2\files-2.1\org.jetbrains.kotlin\kotlin-reflect\1.6.10\1cbe9c92c12a94eea200d23c2bbaedaf3daf5132\kotlin-reflect-1.6.10.jar;C:\Users\79000\.gradle\caches\modules-2\files-2.1\org.jetbrains.kotlin\kotlin-stdlib\1.6.10\b8af3fe6f1ca88526914929add63cf5e7c5049af\kotlin-stdlib-1.6.10.jar;C:\Users\79000\.gradle\caches\modules-2\files-2.1\org.jetbrains.kotlin\kotlin-script-runtime\1.6.10\d0a7ff2e2500ef497ed0214ae40ad3c8387a6164\kotlin-script-runtime-1.6.10.jar;C:\Users\79000\.gradle\caches\modules-2\files-2.1\org.jetbrains.kotlin\kotlin-daemon-embeddable\1.6.10\a56d79bcbea411fa6058e4ecffc2de73e742bd2a\kotlin-daemon-embeddable-1.6.10.jar;C:\Users\79000\.gradle\caches\modules-2\files-2.1\org.jetbrains.intellij.deps\trove4j\1.0.20181211\216c2e14b070f334479d800987affe4054cd563f\trove4j-1.0.20181211.jar;C:\Users\79000\.gradle\caches\modules-2\files-2.1\net.java.dev.jna\jna\5.6.0\330f2244e9030119ab3030fc3fededc86713d9cc\jna-5.6.0.jar;C:\Users\79000\.gradle\caches\modules-2\files-2.1\org.jetbrains\annotations\13.0\919f0dfe192fb4e063e7dacadee7f8bb9a2672a9\annotations-13.0.jar;C:\Users\79000\.gradle\caches\modules-2\files-2.1\org.jetbrains.kotlin\kotlin-stdlib-common\1.6.10\c118700e3a33c8a0d9adc920e9dec0831171925\kotlin-stdlib-common-1.6.10.jar
Launcher Type: SUN_STANDARD

[Global flags]
     intx CICompilerCount                          = 4                                         {product} {ergonomic}
     uint ConcGCThreads                            = 3                                         {product} {ergonomic}
     uint G1ConcRefinementThreads                  = 10                                        {product} {ergonomic}
   size_t G1HeapRegionSize                         = 2097152                                   {product} {ergonomic}
    uintx GCDrainStackTargetSize                   = 64                                        {product} {ergonomic}
   size_t InitialHeapSize                          = 264241152                                 {product} {ergonomic}
   size_t MarkStackSize                            = 4194304                                   {product} {ergonomic}
   size_t MaxHeapSize                              = 4227858432                                {product} {ergonomic}
   size_t MinHeapDeltaBytes                        = 2097152                                   {product} {ergonomic}
   size_t MinHeapSize                              = 8388608                                   {product} {ergonomic}
    uintx NonNMethodCodeHeapSize                   = 5839372                                {pd product} {ergonomic}
    uintx NonProfiledCodeHeapSize                  = 122909434                              {pd product} {ergonomic}
    uintx ProfiledCodeHeapSize                     = 122909434                              {pd product} {ergonomic}
    uintx ReservedCodeCacheSize                    = 251658240                              {pd product} {ergonomic}
     bool SegmentedCodeCache                       = true                                      {product} {ergonomic}
   size_t SoftMaxHeapSize                          = 4227858432                             {manageable} {ergonomic}
     bool UseCompressedClassPointers               = true                           {product lp64_product} {ergonomic}
     bool UseCompressedOops                        = true                           {product lp64_product} {ergonomic}
     bool UseG1GC                                  = true                                      {product} {ergonomic}
     bool UseLargePagesIndividualAllocation        = false                                  {pd product} {ergonomic}

Logging:
Log output configuration:
 #0: stdout all=warning uptime,level,tags
 #1: stderr all=off uptime,level,tags

Environment Variables:
JAVA_HOME=D:\Irina\JBL16
CLASSPATH=D:\Diplom\dipl\fmh_android_15_03_24\\gradle\wrapper\gradle-wrapper.jar
PATH=C:\Windows\system32;%JAVA_HOME%\bin;D:\Irina\Astudio\jbr\bin;C:\Windows;C:\Windows\System32\Wbem;C:\Windows\System32\WindowsPowerShell\v1.0\;C:\Windows\System32\OpenSSH\;C:\Program Files (x86)\NVIDIA Corporation\PhysX\Common;C:\Program Files\NVIDIA Corporation\NVIDIA NvDLISR;C:\WINDOWS\system32;C:\WINDOWS;C:\WINDOWS\System32\Wbem;C:\WINDOWS\System32\WindowsPowerShell\v1.0\;C:\WINDOWS\System32\OpenSSH\;C:\Program Files\Git\cmd;%JAVA_HOME%\bin;C:\Users\79000\AppData\Local\Microsoft\WindowsApps;C:\Users\79000\AppData\Local\Programs\Microsoft VS Code\bin;"C:\Users\79000\AppData\Local\Android\Sdk\tools\bin;";"C:\Users\79000\AppData\Local\Android\Sdk\tools;"
USERNAME=79000
OS=Windows_NT
PROCESSOR_IDENTIFIER=Intel64 Family 6 Model 141 Stepping 1, GenuineIntel



---------------  S Y S T E M  ---------------

OS:
 Windows 10 , 64 bit Build 22621 (10.0.22621.5415)
OS uptime: 8 days 3:46 hours
Hyper-V role detected

CPU: total 12 (initial active 12) (6 cores per cpu, 2 threads per core) family 6 model 141 stepping 1 microcode 0x34, cx8, cmov, fxsr, ht, mmx, 3dnowpref, sse, sse2, sse3, ssse3, sse4.1, sse4.2, popcnt, lzcnt, tsc, tscinvbit, avx, avx2, aes, erms, clmul, bmi1, bmi2, adx, avx512f, avx512dq, avx512cd, avx512bw, avx512vl, sha, fma, vzeroupper, avx512_vpopcntdq, avx512_vpclmulqdq, avx512_vaes, avx512_vnni, clflush, clflushopt, clwb, avx512_vmbi2, avx512_vmbi, hv

Memory: 4k page, system-wide physical 16122M (864M free)
TotalPageFile size 20649M (AvailPageFile size 119M)
current process WorkingSet (physical memory assigned to process): 11M, peak: 11M
current process commit charge ("private bytes"): 64M, peak: 316M

vm_info: OpenJDK 64-Bit Server VM (16.0.2+7) for windows-amd64 JRE (16.0.2+7), built on Jul 22 2021 15:19:09 by "" with MS VC++ 16.7 (VS2019)

END.
